<?xml version="1.0" encoding="UTF-8"?>
<!-- Generated by org.testng.reporters.JUnitReportReporter -->
<testsuite hostname="HariKishore" failures="0" tests="1" name="com.actitime.timetrack.Demo" time="0.021" errors="0" timestamp="2020-08-20T17:55:15 IST" skipped="0">
  <testcase classname="com.actitime.timetrack.Demo" name="runTest" time="0.021"/>
  <system-out>
Successfully running Successfully running Successfully running  </system-out>
</testsuite> <!-- com.actitime.timetrack.Demo -->
